#
# A fatal error has been detected by the Java Runtime Environment:
#
#  SIGSEGV (0xb) at pc=0x000000010cd4050c, pid=92103, tid=3331
#
# JRE version: Java(TM) SE Runtime Environment (8.0_05-b13) (build 1.8.0_05-b13)
# Java VM: Java HotSpot(TM) 64-Bit Server VM (25.5-b02 mixed mode bsd-amd64 compressed oops)
# Problematic frame:
# V  [libjvm.dylib+0x2e250c]
#
# Failed to write core dump. Core dumps have been disabled. To enable core dumping, try "ulimit -c unlimited" before starting Java again
#
# If you would like to submit a bug report, please visit:
#   http://bugreport.sun.com/bugreport/crash.jsp
#

---------------  T H R E A D  ---------------

Current thread is native thread

siginfo:si_signo=SIGSEGV: si_errno=0, si_code=0 (SEGV0), si_addr=0x0000000000000000

Registers:
RAX=0x0000000000000000, RBX=0x0000000000000048, RCX=0x0000500000000000, RDX=0x00007fff71cd00d0
RSP=0x0000700000080e40, RBP=0x0000700000080e60, RSI=0x0000500000005000, RDI=0x000000010d2bbdb0
R8 =0x00000000fffffffc, R9 =0x00007fff71cd00c8, R10=0x00000000ffffffff, R11=0xffffffff00000000
R12=0x000000010c7fc010, R13=0x0000000000000002, R14=0x000000010d2bbdb0, R15=0xff000000ff000000
RIP=0x000000010cd4050c, EFLAGS=0x0000000000010286, ERR=0x0000000000000000
  TRAPNO=0x000000000000000d

Top of Stack: (sp=0x0000700000080e40)
0x0000700000080e40:   0000000000000000 000000010c7fc010
0x0000700000080e50:   000000000000000c 0000000000000160
0x0000700000080e60:   0000700000080eb0 00007fff82b5346b
0x0000700000080e70:   0000000000000008 000000000c7e8301
0x0000700000080e80:   000000000000000b 0000000000000000
0x0000700000080e90:   00000000000008ff 0000000000000d03
0x0000700000080ea0:   00007fff5341b3e8 000000010c7e8301
0x0000700000080eb0:   0000700000080ed0 00007fff82b5376f
0x0000700000080ec0:   0000000000000000 00007fff5341b3e8
0x0000700000080ed0:   0000700000080ef0 000000010c7e8364
0x0000700000080ee0:   0000000000000d03 0000700000081000
0x0000700000080ef0:   0000700000080f10 00007fff837efc13
0x0000700000080f00:   0000000000000d03 0000700000081000
0x0000700000080f10:   0000700000080f50 00007fff837efb90
0x0000700000080f20:   0000000000000000 0000000000000000
0x0000700000080f30:   0000000000000000 0000000000000000
0x0000700000080f40:   0000000000000000 0000000000000000
0x0000700000080f50:   0000700000080f78 00007fff837ed375
0x0000700000080f60:   0000000000000000 0000000000000000
0x0000700000080f70:   0000000000000000 0000000000000000
0x0000700000080f80:   0000000000000000 0000000000000000
0x0000700000080f90:   0000000000000000 0000000000000000
0x0000700000080fa0:   0000000000000000 0000000000000000
0x0000700000080fb0:   0000000000000000 0000000000000000
0x0000700000080fc0:   0000000000000000 0000000000000000
0x0000700000080fd0:   0000000000000000 0000000000000000
0x0000700000080fe0:   0000000000000000 0000000000000000
0x0000700000080ff0:   0000000000000000 0000000000000000
0x0000700000081000:   0000000054485244 0000000000000000
0x0000700000081010:   0000000000000003 0000000001010102
0x0000700000081020:   000000000071dcc4 000000010c7e8301
0x0000700000081030:   00007fff5341b3e8 0000000000000000 

Instructions: (pc=0x000000010cd4050c)
0x000000010cd404ec:   5d e9 bc d2 15 00 55 48 89 e5 41 57 41 56 41 54
0x000000010cd404fc:   53 31 db 49 89 fe 4d 8b 7c de 10 4d 85 ff 74 2c
0x000000010cd4050c:   4d 8b 67 18 49 8b 7f 20 48 85 ff 74 0a be 00 0f
0x000000010cd4051c:   00 00 e8 8b d2 15 00 4c 89 ff be 00 0f 00 00 e8 

Register to memory mapping:

RAX=0x0000000000000000 is an unknown value
RBX=0x0000000000000048 is an unknown value
RCX=0x0000500000000000 is an unknown value
RDX=0x00007fff71cd00d0: atexit_mutex+0x20 in /usr/lib/system/libsystem_c.dylib at 0x00007fff82af4000
RSP=0x0000700000080e40 is an unknown value
RBP=0x0000700000080e60 is an unknown value
RSI=0x0000500000005000 is an unknown value
RDI=0x000000010d2bbdb0: _ZN3Jfr16_jfr_stacktracesE+0 in /Library/Java/JavaVirtualMachines/jdk1.8.0_05.jdk/Contents/Home/jre/lib/server/libjvm.dylib at 0x000000010ca5e000
R8 =0x00000000fffffffc is an unknown value
R9 =0x00007fff71cd00c8: atexit_mutex+0x18 in /usr/lib/system/libsystem_c.dylib at 0x00007fff82af4000
R10=0x00000000ffffffff is an unknown value
R11=0xffffffff00000000 is an unknown value
R12=0x000000010c7fc010 is an unknown value
R13=0x0000000000000002 is an unknown value
R14=0x000000010d2bbdb0: _ZN3Jfr16_jfr_stacktracesE+0 in /Library/Java/JavaVirtualMachines/jdk1.8.0_05.jdk/Contents/Home/jre/lib/server/libjvm.dylib at 0x000000010ca5e000
R15=0xff000000ff000000 is an unknown value


Stack: [0x0000700000001000,0x0000700000081000],  sp=0x0000700000080e40,  free space=511k
Native frames: (J=compiled Java code, j=interpreted, Vv=VM code, C=native code)
V  [libjvm.dylib+0x2e250c]
C  [libsystem_c.dylib+0x5f46b]  __cxa_finalize_ranges+0x159
C  [libsystem_c.dylib+0x5f76f]  exit+0x37
C  [java+0x5364]  CreateExecutionEnvironment+0x0
C  [libsystem_pthread.dylib+0x3c13]  _pthread_body+0x83
C  [libsystem_pthread.dylib+0x3b90]  _pthread_body+0x0
C  [libsystem_pthread.dylib+0x1375]  thread_start+0xd


---------------  P R O C E S S  ---------------

VM state:at safepoint (shutting down)

VM Mutex/Monitor currently owned by a thread:  ([mutex/lock_event])
[0x00007fd578602e40] Threads_lock - owner thread: 0x00007fd57980b000

Heap:
 PSYoungGen      total 84992K, used 70877K [0x00000007aab00000, 0x00000007b2b00000, 0x00000007c0000000)
  eden space 70144K, 83% used [0x00000007aab00000,0x00000007ae4617a8,0x00000007aef80000)
  from space 14848K, 81% used [0x00000007aef80000,0x00000007afb55c68,0x00000007afe00000)
  to   space 16384K, 0% used [0x00000007b1b00000,0x00000007b1b00000,0x00000007b2b00000)
 ParOldGen       total 64000K, used 47162K [0x0000000780000000, 0x0000000783e80000, 0x00000007aab00000)
  object space 64000K, 73% used [0x0000000780000000,0x0000000782e0e970,0x0000000783e80000)
 Metaspace       used 6620K, capacity 7320K, committed 7680K, reserved 1056768K
  class space    used 644K, capacity 656K, committed 768K, reserved 1048576K

Card table byte_map: [0x000000011d5c0000,0x000000011d7c1000] byte_map_base: 0x00000001199c0000

Marking Bits: (ParMarkBitMap*) 0x000000010d2c40a0
 Begin Bits: [0x000000011d917000, 0x000000011e917000)
 End Bits:   [0x000000011e917000, 0x000000011f917000)

Polling page: 0x000000010d960000

CodeCache: size=245760Kb used=8011Kb max_used=8029Kb free=237748Kb
 bounds [0x000000010e200000, 0x000000010e9e0000, 0x000000011d200000]
 total_blobs=2578 nmethods=2304 adapters=190
 compilation: enabled

Compilation events (10 events):
Event: 15.793 Thread 0x00007fd578872000 2986 %     3       sun.security.provider.SHA::implCompress @ 279 (491 bytes)
Event: 15.794 Thread 0x00007fd578872000 nmethod 2986% 0x000000010e9ce610 code [0x000000010e9ce800, 0x000000010e9cf1e8]
Event: 15.794 Thread 0x00007fd578872000 2987       2       sun.security.provider.ByteArrayAccess::b2iBig64 (614 bytes)
Event: 15.796 Thread 0x00007fd578872000 nmethod 2987 0x000000010e9cfc50 code [0x000000010e9cfde0, 0x000000010e9d0508]
Event: 15.796 Thread 0x00007fd578872000 2988 %     3       sun.security.provider.SHA::implCompress @ 12 (491 bytes)
Event: 15.797 Thread 0x00007fd578872000 nmethod 2988% 0x000000010e9d0810 code [0x000000010e9d0a00, 0x000000010e9d1388]
Event: 15.797 Thread 0x00007fd578872000 2989       3       sun.security.provider.SHA::implCompress (491 bytes)
Event: 15.798 Thread 0x00007fd578872000 nmethod 2989 0x000000010e9d1d10 code [0x000000010e9d1f00, 0x000000010e9d27c8]
Event: 16.000 Thread 0x00007fd57980f800 nmethod 1231 0x000000010e9d7550 code [0x000000010e9d7880, 0x000000010e9d90c0]
Event: 16.002 Thread 0x00007fd57980f800 2975       4       java.util.HashMap::putVal (300 bytes)

GC Heap History (10 events):
Event: 6.875 GC heap before
{Heap before GC invocations=15 (full 0):
 PSYoungGen      total 36864K, used 35920K [0x00000007aab00000, 0x00000007ad380000, 0x00000007c0000000)
  eden space 32256K, 100% used [0x00000007aab00000,0x00000007aca80000,0x00000007aca80000)
  from space 4608K, 79% used [0x00000007acf00000,0x00000007ad294020,0x00000007ad380000)
  to   space 4608K, 0% used [0x00000007aca80000,0x00000007aca80000,0x00000007acf00000)
 ParOldGen       total 64000K, used 11418K [0x0000000780000000, 0x0000000783e80000, 0x00000007aab00000)
  object space 64000K, 17% used [0x0000000780000000,0x0000000780b26bc0,0x0000000783e80000)
 Metaspace       used 5715K, capacity 6768K, committed 7040K, reserved 1056768K
  class space    used 587K, capacity 616K, committed 640K, reserved 1048576K
Event: 6.902 GC heap after
Heap after GC invocations=15 (full 0):
 PSYoungGen      total 36864K, used 4598K [0x00000007aab00000, 0x00000007aec80000, 0x00000007c0000000)
  eden space 32256K, 0% used [0x00000007aab00000,0x00000007aab00000,0x00000007aca80000)
  from space 4608K, 99% used [0x00000007aca80000,0x00000007acefdbc0,0x00000007acf00000)
  to   space 7680K, 0% used [0x00000007ae500000,0x00000007ae500000,0x00000007aec80000)
 ParOldGen       total 64000K, used 16555K [0x0000000780000000, 0x0000000783e80000, 0x00000007aab00000)
  object space 64000K, 25% used [0x0000000780000000,0x000000078102ae78,0x0000000783e80000)
 Metaspace       used 5715K, capacity 6768K, committed 7040K, reserved 1056768K
  class space    used 587K, capacity 616K, committed 640K, reserved 1048576K
}
Event: 7.445 GC heap before
{Heap before GC invocations=16 (full 0):
 PSYoungGen      total 36864K, used 36854K [0x00000007aab00000, 0x00000007aec80000, 0x00000007c0000000)
  eden space 32256K, 100% used [0x00000007aab00000,0x00000007aca80000,0x00000007aca80000)
  from space 4608K, 99% used [0x00000007aca80000,0x00000007acefdbc0,0x00000007acf00000)
  to   space 7680K, 0% used [0x00000007ae500000,0x00000007ae500000,0x00000007aec80000)
 ParOldGen       total 64000K, used 16555K [0x0000000780000000, 0x0000000783e80000, 0x00000007aab00000)
  object space 64000K, 25% used [0x0000000780000000,0x000000078102ae78,0x0000000783e80000)
 Metaspace       used 5755K, capacity 6832K, committed 7040K, reserved 1056768K
  class space    used 587K, capacity 616K, committed 640K, reserved 1048576K
Event: 7.465 GC heap after
Heap after GC invocations=16 (full 0):
 PSYoungGen      total 58880K, used 6050K [0x00000007aab00000, 0x00000007aed80000, 0x00000007c0000000)
  eden space 51200K, 0% used [0x00000007aab00000,0x00000007aab00000,0x00000007add00000)
  from space 7680K, 78% used [0x00000007ae500000,0x00000007aeae8bc0,0x00000007aec80000)
  to   space 8192K, 0% used [0x00000007add00000,0x00000007add00000,0x00000007ae500000)
 ParOldGen       total 64000K, used 20639K [0x0000000780000000, 0x0000000783e80000, 0x00000007aab00000)
  object space 64000K, 32% used [0x0000000780000000,0x0000000781427c88,0x0000000783e80000)
 Metaspace       used 5755K, capacity 6832K, committed 7040K, reserved 1056768K
  class space    used 587K, capacity 616K, committed 640K, reserved 1048576K
}
Event: 8.334 GC heap before
{Heap before GC invocations=17 (full 0):
 PSYoungGen      total 58880K, used 57250K [0x00000007aab00000, 0x00000007aed80000, 0x00000007c0000000)
  eden space 51200K, 100% used [0x00000007aab00000,0x00000007add00000,0x00000007add00000)
  from space 7680K, 78% used [0x00000007ae500000,0x00000007aeae8bc0,0x00000007aec80000)
  to   space 8192K, 0% used [0x00000007add00000,0x00000007add00000,0x00000007ae500000)
 ParOldGen       total 64000K, used 20639K [0x0000000780000000, 0x0000000783e80000, 0x00000007aab00000)
  object space 64000K, 32% used [0x0000000780000000,0x0000000781427c88,0x0000000783e80000)
 Metaspace       used 5805K, capacity 6832K, committed 7040K, reserved 1056768K
  class space    used 588K, capacity 616K, committed 640K, reserved 1048576K
Event: 8.374 GC heap after
Heap after GC invocations=17 (full 0):
 PSYoungGen      total 59392K, used 8186K [0x00000007aab00000, 0x00000007b0b00000, 0x00000007c0000000)
  eden space 51200K, 0% used [0x00000007aab00000,0x00000007aab00000,0x00000007add00000)
  from space 8192K, 99% used [0x00000007add00000,0x00000007ae4fe860,0x00000007ae500000)
  to   space 13312K, 0% used [0x00000007afe00000,0x00000007afe00000,0x00000007b0b00000)
 ParOldGen       total 64000K, used 30930K [0x0000000780000000, 0x0000000783e80000, 0x00000007aab00000)
  object space 64000K, 48% used [0x0000000780000000,0x0000000781e34978,0x0000000783e80000)
 Metaspace       used 5805K, capacity 6832K, committed 7040K, reserved 1056768K
  class space    used 588K, capacity 616K, committed 640K, reserved 1048576K
}
Event: 9.165 GC heap before
{Heap before GC invocations=18 (full 0):
 PSYoungGen      total 59392K, used 59386K [0x00000007aab00000, 0x00000007b0b00000, 0x00000007c0000000)
  eden space 51200K, 100% used [0x00000007aab00000,0x00000007add00000,0x00000007add00000)
  from space 8192K, 99% used [0x00000007add00000,0x00000007ae4fe860,0x00000007ae500000)
  to   space 13312K, 0% used [0x00000007afe00000,0x00000007afe00000,0x00000007b0b00000)
 ParOldGen       total 64000K, used 30930K [0x0000000780000000, 0x0000000783e80000, 0x00000007aab00000)
  object space 64000K, 48% used [0x0000000780000000,0x0000000781e34978,0x0000000783e80000)
 Metaspace       used 5825K, capacity 6832K, committed 7040K, reserved 1056768K
  class space    used 589K, capacity 616K, committed 640K, reserved 1048576K
Event: 9.212 GC heap after
Heap after GC invocations=18 (full 0):
 PSYoungGen      total 83456K, used 10176K [0x00000007aab00000, 0x00000007b0e00000, 0x00000007c0000000)
  eden space 70144K, 0% used [0x00000007aab00000,0x00000007aab00000,0x00000007aef80000)
  from space 13312K, 76% used [0x00000007afe00000,0x00000007b07f0000,0x00000007b0b00000)
  to   space 14848K, 0% used [0x00000007aef80000,0x00000007aef80000,0x00000007afe00000)
 ParOldGen       total 64000K, used 38671K [0x0000000780000000, 0x0000000783e80000, 0x00000007aab00000)
  object space 64000K, 60% used [0x0000000780000000,0x00000007825c3e08,0x0000000783e80000)
 Metaspace       used 5825K, capacity 6832K, committed 7040K, reserved 1056768K
  class space    used 589K, capacity 616K, committed 640K, reserved 1048576K
}
Event: 10.585 GC heap before
{Heap before GC invocations=19 (full 0):
 PSYoungGen      total 83456K, used 80320K [0x00000007aab00000, 0x00000007b0e00000, 0x00000007c0000000)
  eden space 70144K, 100% used [0x00000007aab00000,0x00000007aef80000,0x00000007aef80000)
  from space 13312K, 76% used [0x00000007afe00000,0x00000007b07f0000,0x00000007b0b00000)
  to   space 14848K, 0% used [0x00000007aef80000,0x00000007aef80000,0x00000007afe00000)
 ParOldGen       total 64000K, used 38671K [0x0000000780000000, 0x0000000783e80000, 0x00000007aab00000)
  object space 64000K, 60% used [0x0000000780000000,0x00000007825c3e08,0x0000000783e80000)
 Metaspace       used 5908K, capacity 6960K, committed 7040K, reserved 1056768K
  class space    used 589K, capacity 616K, committed 640K, reserved 1048576K
Event: 10.628 GC heap after
Heap after GC invocations=19 (full 0):
 PSYoungGen      total 84992K, used 12119K [0x00000007aab00000, 0x00000007b2b00000, 0x00000007c0000000)
  eden space 70144K, 0% used [0x00000007aab00000,0x00000007aab00000,0x00000007aef80000)
  from space 14848K, 81% used [0x00000007aef80000,0x00000007afb55c68,0x00000007afe00000)
  to   space 16384K, 0% used [0x00000007b1b00000,0x00000007b1b00000,0x00000007b2b00000)
 ParOldGen       total 64000K, used 47162K [0x0000000780000000, 0x0000000783e80000, 0x00000007aab00000)
  object space 64000K, 73% used [0x0000000780000000,0x0000000782e0e970,0x0000000783e80000)
 Metaspace       used 5908K, capacity 6960K, committed 7040K, reserved 1056768K
  class space    used 589K, capacity 616K, committed 640K, reserved 1048576K
}

Deoptimization events (10 events):
Event: 12.847 Thread 0x00007fd579846800 Uncommon trap: reason=class_check action=maybe_recompile pc=0x000000010e4e0684 method=java.util.Arrays.equals([Ljava/lang/Object;[Ljava/lang/Object;)Z @ 62
Event: 12.847 Thread 0x00007fd579846800 Uncommon trap: reason=class_check action=maybe_recompile pc=0x000000010e4e0684 method=java.util.Arrays.equals([Ljava/lang/Object;[Ljava/lang/Object;)Z @ 62
Event: 12.847 Thread 0x00007fd579846800 Uncommon trap: reason=class_check action=maybe_recompile pc=0x000000010e4e0684 method=java.util.Arrays.equals([Ljava/lang/Object;[Ljava/lang/Object;)Z @ 62
Event: 12.847 Thread 0x00007fd579846800 Uncommon trap: reason=class_check action=maybe_recompile pc=0x000000010e4e0684 method=java.util.Arrays.equals([Ljava/lang/Object;[Ljava/lang/Object;)Z @ 62
Event: 15.774 Thread 0x00007fd579846800 Uncommon trap: reason=unreached action=reinterpret pc=0x000000010e4bd220 method=java.util.Arrays.copyOf([Ljava/lang/Object;ILjava/lang/Class;)[Ljava/lang/Object; @ 3
Event: 15.780 Thread 0x00007fd579846800 Uncommon trap: reason=class_check action=maybe_recompile pc=0x000000010e9149d4 method=java.util.HashMap.putVal(ILjava/lang/Object;Ljava/lang/Object;ZZ)Ljava/lang/Object; @ 56
Event: 15.780 Thread 0x00007fd579846800 Uncommon trap: reason=class_check action=maybe_recompile pc=0x000000010e9149d4 method=java.util.HashMap.putVal(ILjava/lang/Object;Ljava/lang/Object;ZZ)Ljava/lang/Object; @ 56
Event: 15.780 Thread 0x00007fd579846800 Uncommon trap: reason=class_check action=maybe_recompile pc=0x000000010e9149d4 method=java.util.HashMap.putVal(ILjava/lang/Object;Ljava/lang/Object;ZZ)Ljava/lang/Object; @ 56
Event: 15.781 Thread 0x00007fd579846800 Uncommon trap: reason=class_check action=maybe_recompile pc=0x000000010e914a54 method=java.util.HashMap.putVal(ILjava/lang/Object;Ljava/lang/Object;ZZ)Ljava/lang/Object; @ 152
Event: 15.781 Thread 0x00007fd579846800 Uncommon trap: reason=class_check action=maybe_recompile pc=0x000000010e914a54 method=java.util.HashMap.putVal(ILjava/lang/Object;Ljava/lang/Object;ZZ)Ljava/lang/Object; @ 152

Internal exceptions (10 events):
Event: 12.364 Thread 0x00007fd579846800 Exception <a 'java/security/PrivilegedActionException'> (0x00000007ad9e75b8) thrown at [/HUDSON/workspace/8-2-build-macosx-x86_64/jdk8u5/2488/hotspot/src/share/vm/prims/jvm.cpp, line 1248]
Event: 12.365 Thread 0x00007fd579846800 Exception <a 'java/security/PrivilegedActionException'> (0x00000007ad9ebe98) thrown at [/HUDSON/workspace/8-2-build-macosx-x86_64/jdk8u5/2488/hotspot/src/share/vm/prims/jvm.cpp, line 1248]
Event: 12.448 Thread 0x00007fd579846800 Exception <a 'java/security/PrivilegedActionException'> (0x00000007ad9f26b0) thrown at [/HUDSON/workspace/8-2-build-macosx-x86_64/jdk8u5/2488/hotspot/src/share/vm/prims/jvm.cpp, line 1248]
Event: 12.846 Thread 0x00007fd579846800 Exception <a 'java/security/PrivilegedActionException'> (0x00000007adb58cf0) thrown at [/HUDSON/workspace/8-2-build-macosx-x86_64/jdk8u5/2488/hotspot/src/share/vm/prims/jvm.cpp, line 1248]
Event: 12.847 Thread 0x00007fd579846800 Exception <a 'java/security/PrivilegedActionException'> (0x00000007adb5c0b0) thrown at [/HUDSON/workspace/8-2-build-macosx-x86_64/jdk8u5/2488/hotspot/src/share/vm/prims/jvm.cpp, line 1248]
Event: 12.848 Thread 0x00007fd579846800 Exception <a 'java/security/PrivilegedActionException'> (0x00000007adb5f4f8) thrown at [/HUDSON/workspace/8-2-build-macosx-x86_64/jdk8u5/2488/hotspot/src/share/vm/prims/jvm.cpp, line 1248]
Event: 14.416 Thread 0x00007fd579846800 Exception <a 'java/security/PrivilegedActionException'> (0x00000007ae1123e8) thrown at [/HUDSON/workspace/8-2-build-macosx-x86_64/jdk8u5/2488/hotspot/src/share/vm/prims/jvm.cpp, line 1248]
Event: 14.527 Thread 0x00007fd579846800 Exception <a 'java/security/PrivilegedActionException'> (0x00000007ae334228) thrown at [/HUDSON/workspace/8-2-build-macosx-x86_64/jdk8u5/2488/hotspot/src/share/vm/prims/jvm.cpp, line 1248]
Event: 14.735 Thread 0x00007fd579846800 Exception <a 'java/security/PrivilegedActionException'> (0x00000007ae339fa8) thrown at [/HUDSON/workspace/8-2-build-macosx-x86_64/jdk8u5/2488/hotspot/src/share/vm/prims/jvm.cpp, line 1248]
Event: 15.547 Thread 0x00007fd579846800 Exception <a 'java/security/PrivilegedActionException'> (0x00000007ae34b3b0) thrown at [/HUDSON/workspace/8-2-build-macosx-x86_64/jdk8u5/2488/hotspot/src/share/vm/prims/jvm.cpp, line 1248]

Events (10 events):
Event: 15.999 Thread 0x00007fd579846800 Thread exited: 0x00007fd579846800
Event: 16.001 loading class java/io/FileOutputStream$1
Event: 16.001 loading class java/io/FileOutputStream$1 done
Event: 16.006 Thread 0x00007fd578804000 Thread exited: 0x00007fd578804000
Event: 16.006 Thread 0x00007fd579846800 Thread added: 0x00007fd579846800
Event: 16.006 loading class java/lang/Shutdown
Event: 16.006 loading class java/lang/Shutdown done
Event: 16.006 loading class java/lang/Shutdown$Lock
Event: 16.006 loading class java/lang/Shutdown$Lock done
Event: 16.006 Thread 0x00007fd579846800 Thread exited: 0x00007fd579846800


Dynamic libraries:
0x00000000018e5000 	/System/Library/Frameworks/Cocoa.framework/Versions/A/Cocoa
0x00000000018e5000 	/System/Library/Frameworks/Security.framework/Versions/A/Security
0x00000000018e5000 	/System/Library/Frameworks/ApplicationServices.framework/Versions/A/ApplicationServices
0x00000000018e5000 	/usr/lib/libz.1.dylib
0x00000000018e5000 	/usr/lib/libSystem.B.dylib
0x00000000018e5000 	/usr/lib/libobjc.A.dylib
0x00000000018e5000 	/System/Library/Frameworks/CoreFoundation.framework/Versions/A/CoreFoundation
0x00000000018e5000 	/System/Library/Frameworks/Foundation.framework/Versions/C/Foundation
0x00000000018e5000 	/System/Library/Frameworks/AppKit.framework/Versions/C/AppKit
0x00000000018e5000 	/System/Library/Frameworks/CoreData.framework/Versions/A/CoreData
0x00000000018e5000 	/System/Library/PrivateFrameworks/RemoteViewServices.framework/Versions/A/RemoteViewServices
0x00000000018e5000 	/System/Library/PrivateFrameworks/UIFoundation.framework/Versions/A/UIFoundation
0x00000000018e5000 	/usr/lib/libScreenReader.dylib
0x00000000018e5000 	/System/Library/Frameworks/Accelerate.framework/Versions/A/Accelerate
0x00000000018e5000 	/System/Library/Frameworks/IOSurface.framework/Versions/A/IOSurface
0x00000000018e5000 	/System/Library/Frameworks/AudioToolbox.framework/Versions/A/AudioToolbox
0x00000000018e5000 	/System/Library/Frameworks/AudioUnit.framework/Versions/A/AudioUnit
0x00000000018e5000 	/System/Library/PrivateFrameworks/DataDetectorsCore.framework/Versions/A/DataDetectorsCore
0x00000000018e5000 	/System/Library/PrivateFrameworks/DesktopServicesPriv.framework/Versions/A/DesktopServicesPriv
0x00000000018e5000 	/System/Library/Frameworks/Carbon.framework/Versions/A/Frameworks/HIToolbox.framework/Versions/A/HIToolbox
0x00000000018e5000 	/System/Library/Frameworks/QuartzCore.framework/Versions/A/QuartzCore
0x00000000018e5000 	/System/Library/Frameworks/Carbon.framework/Versions/A/Frameworks/SpeechRecognition.framework/Versions/A/SpeechRecognition
0x00000000018e5000 	/usr/lib/libauto.dylib
0x00000000018e5000 	/usr/lib/libicucore.A.dylib
0x00000000018e5000 	/usr/lib/libxml2.2.dylib
0x00000000018e5000 	/System/Library/PrivateFrameworks/CoreUI.framework/Versions/A/CoreUI
0x00000000018e5000 	/System/Library/Frameworks/CoreAudio.framework/Versions/A/CoreAudio
0x00000000018e5000 	/System/Library/Frameworks/DiskArbitration.framework/Versions/A/DiskArbitration
0x00000000018e5000 	/usr/lib/liblangid.dylib
0x00000000018e5000 	/System/Library/PrivateFrameworks/MultitouchSupport.framework/Versions/A/MultitouchSupport
0x00000000018e5000 	/System/Library/Frameworks/IOKit.framework/Versions/A/IOKit
0x00000000018e5000 	/usr/lib/libDiagnosticMessagesClient.dylib
0x00000000018e5000 	/System/Library/Frameworks/CoreServices.framework/Versions/A/CoreServices
0x00000000018e5000 	/System/Library/PrivateFrameworks/PerformanceAnalysis.framework/Versions/A/PerformanceAnalysis
0x00000000018e5000 	/System/Library/PrivateFrameworks/GenerationalStorage.framework/Versions/A/GenerationalStorage
0x00000000018e5000 	/System/Library/Frameworks/OpenGL.framework/Versions/A/OpenGL
0x00000000018e5000 	/System/Library/PrivateFrameworks/Sharing.framework/Versions/A/Sharing
0x00000000018e5000 	/System/Library/Frameworks/CoreGraphics.framework/Versions/A/CoreGraphics
0x00000000018e5000 	/System/Library/Frameworks/CoreImage.framework/Versions/A/CoreImage
0x00000000018e5000 	/System/Library/Frameworks/CoreText.framework/Versions/A/CoreText
0x00000000018e5000 	/System/Library/Frameworks/ImageIO.framework/Versions/A/ImageIO
0x00000000018e5000 	/System/Library/PrivateFrameworks/Backup.framework/Versions/A/Backup
0x00000000018e5000 	/usr/lib/libextension.dylib
0x00000000018e5000 	/usr/lib/libarchive.2.dylib
0x00000000018e5000 	/System/Library/Frameworks/CFNetwork.framework/Versions/A/CFNetwork
0x00000000018e5000 	/System/Library/Frameworks/SystemConfiguration.framework/Versions/A/SystemConfiguration
0x00000000018e5000 	/usr/lib/libCRFSuite.dylib
0x00000000018e5000 	/usr/lib/libc++.1.dylib
0x00000000018e5000 	/usr/lib/libc++abi.dylib
0x00000000018e5000 	/usr/lib/system/libcache.dylib
0x00000000018e5000 	/usr/lib/system/libcommonCrypto.dylib
0x00000000018e5000 	/usr/lib/system/libcompiler_rt.dylib
0x00000000018e5000 	/usr/lib/system/libcopyfile.dylib
0x00000000018e5000 	/usr/lib/system/libcorecrypto.dylib
0x00000000018e5000 	/usr/lib/system/libdispatch.dylib
0x00000000018e5000 	/usr/lib/system/libdyld.dylib
0x00000000018e5000 	/usr/lib/system/libkeymgr.dylib
0x00000000018e5000 	/usr/lib/system/liblaunch.dylib
0x00000000018e5000 	/usr/lib/system/libmacho.dylib
0x00000000018e5000 	/usr/lib/system/libquarantine.dylib
0x00000000018e5000 	/usr/lib/system/libremovefile.dylib
0x00000000018e5000 	/usr/lib/system/libsystem_asl.dylib
0x00000000018e5000 	/usr/lib/system/libsystem_blocks.dylib
0x00000000018e5000 	/usr/lib/system/libsystem_c.dylib
0x00000000018e5000 	/usr/lib/system/libsystem_configuration.dylib
0x00000000018e5000 	/usr/lib/system/libsystem_coreservices.dylib
0x00000000018e5000 	/usr/lib/system/libsystem_coretls.dylib
0x00000000018e5000 	/usr/lib/system/libsystem_dnssd.dylib
0x00000000018e5000 	/usr/lib/system/libsystem_info.dylib
0x00000000018e5000 	/usr/lib/system/libsystem_kernel.dylib
0x00000000018e5000 	/usr/lib/system/libsystem_m.dylib
0x00000000018e5000 	/usr/lib/system/libsystem_malloc.dylib
0x00000000018e5000 	/usr/lib/system/libsystem_network.dylib
0x00000000018e5000 	/usr/lib/system/libsystem_networkextension.dylib
0x00000000018e5000 	/usr/lib/system/libsystem_notify.dylib
0x00000000018e5000 	/usr/lib/system/libsystem_platform.dylib
0x00000000018e5000 	/usr/lib/system/libsystem_pthread.dylib
0x00000000018e5000 	/usr/lib/system/libsystem_sandbox.dylib
0x00000000018e5000 	/usr/lib/system/libsystem_secinit.dylib
0x00000000018e5000 	/usr/lib/system/libsystem_trace.dylib
0x00000000018e5000 	/usr/lib/system/libunc.dylib
0x00000000018e5000 	/usr/lib/system/libunwind.dylib
0x00000000018e5000 	/usr/lib/system/libxpc.dylib
0x00000000018e5000 	/usr/lib/libenergytrace.dylib
0x00000000018e5000 	/usr/lib/libbsm.0.dylib
0x00000000018e5000 	/usr/lib/system/libkxld.dylib
0x00000000018e5000 	/usr/lib/libxar.1.dylib
0x00000000018e5000 	/usr/lib/libsqlite3.dylib
0x00000000018e5000 	/usr/lib/libpam.2.dylib
0x00000000018e5000 	/usr/lib/libOpenScriptingUtil.dylib
0x00000000018e5000 	/usr/lib/libbz2.1.0.dylib
0x00000000018e5000 	/usr/lib/liblzma.5.dylib
0x00000000018e5000 	/System/Library/Frameworks/CoreServices.framework/Versions/A/Frameworks/FSEvents.framework/Versions/A/FSEvents
0x00000000018e5000 	/System/Library/Frameworks/CoreServices.framework/Versions/A/Frameworks/CarbonCore.framework/Versions/A/CarbonCore
0x00000000018e5000 	/System/Library/Frameworks/CoreServices.framework/Versions/A/Frameworks/Metadata.framework/Versions/A/Metadata
0x00000000018e5000 	/System/Library/Frameworks/CoreServices.framework/Versions/A/Frameworks/OSServices.framework/Versions/A/OSServices
0x00000000018e5000 	/System/Library/Frameworks/CoreServices.framework/Versions/A/Frameworks/SearchKit.framework/Versions/A/SearchKit
0x00000000018e5000 	/System/Library/Frameworks/CoreServices.framework/Versions/A/Frameworks/AE.framework/Versions/A/AE
0x00000000018e5000 	/System/Library/Frameworks/CoreServices.framework/Versions/A/Frameworks/LaunchServices.framework/Versions/A/LaunchServices
0x00000000018e5000 	/System/Library/Frameworks/CoreServices.framework/Versions/A/Frameworks/DictionaryServices.framework/Versions/A/DictionaryServices
0x00000000018e5000 	/System/Library/Frameworks/CoreServices.framework/Versions/A/Frameworks/SharedFileList.framework/Versions/A/SharedFileList
0x00000000018e5000 	/System/Library/Frameworks/NetFS.framework/Versions/A/NetFS
0x00000000018e5000 	/System/Library/PrivateFrameworks/NetAuth.framework/Versions/A/NetAuth
0x00000000018e5000 	/System/Library/PrivateFrameworks/login.framework/Versions/A/Frameworks/loginsupport.framework/Versions/A/loginsupport
0x00000000018e5000 	/System/Library/PrivateFrameworks/TCC.framework/Versions/A/TCC
0x00000000018e5000 	/usr/lib/libmecabra.dylib
0x00000000018e5000 	/System/Library/Frameworks/ApplicationServices.framework/Versions/A/Frameworks/ATS.framework/Versions/A/ATS
0x00000000018e5000 	/System/Library/Frameworks/ApplicationServices.framework/Versions/A/Frameworks/ColorSync.framework/Versions/A/ColorSync
0x00000000018e5000 	/System/Library/Frameworks/ApplicationServices.framework/Versions/A/Frameworks/HIServices.framework/Versions/A/HIServices
0x00000000018e5000 	/System/Library/Frameworks/ApplicationServices.framework/Versions/A/Frameworks/LangAnalysis.framework/Versions/A/LangAnalysis
0x00000000018e5000 	/System/Library/Frameworks/ApplicationServices.framework/Versions/A/Frameworks/PrintCore.framework/Versions/A/PrintCore
0x00000000018e5000 	/System/Library/Frameworks/ApplicationServices.framework/Versions/A/Frameworks/QD.framework/Versions/A/QD
0x00000000018e5000 	/System/Library/Frameworks/ApplicationServices.framework/Versions/A/Frameworks/SpeechSynthesis.framework/Versions/A/SpeechSynthesis
0x00000000018e5000 	/System/Library/Frameworks/Metal.framework/Versions/A/Metal
0x00000000018e5000 	/System/Library/Frameworks/Accelerate.framework/Versions/A/Frameworks/vImage.framework/Versions/A/vImage
0x00000000018e5000 	/System/Library/Frameworks/Accelerate.framework/Versions/A/Frameworks/vecLib.framework/Versions/A/vecLib
0x00000000018e5000 	/System/Library/Frameworks/Accelerate.framework/Versions/A/Frameworks/vecLib.framework/Versions/A/libvDSP.dylib
0x00000000018e5000 	/System/Library/Frameworks/Accelerate.framework/Versions/A/Frameworks/vecLib.framework/Versions/A/libvMisc.dylib
0x00000000018e5000 	/System/Library/Frameworks/Accelerate.framework/Versions/A/Frameworks/vecLib.framework/Versions/A/libLAPACK.dylib
0x00000000018e5000 	/System/Library/Frameworks/Accelerate.framework/Versions/A/Frameworks/vecLib.framework/Versions/A/libBLAS.dylib
0x00000000018e5000 	/System/Library/Frameworks/Accelerate.framework/Versions/A/Frameworks/vecLib.framework/Versions/A/libLinearAlgebra.dylib
0x00000000018e5000 	/System/Library/Frameworks/Accelerate.framework/Versions/A/Frameworks/vecLib.framework/Versions/A/libSparseBLAS.dylib
0x00000000018e5000 	/System/Library/PrivateFrameworks/GPUCompiler.framework/libmetal_timestamp.dylib
0x00000000018e5000 	/System/Library/Frameworks/OpenGL.framework/Versions/A/Libraries/libCoreFSCache.dylib
0x00000000018e5000 	/System/Library/PrivateFrameworks/IOAccelerator.framework/Versions/A/IOAccelerator
0x00000000018e5000 	/System/Library/Frameworks/ApplicationServices.framework/Versions/A/Frameworks/ATS.framework/Versions/A/Resources/libFontParser.dylib
0x00000000018e5000 	/System/Library/Frameworks/ApplicationServices.framework/Versions/A/Frameworks/ATS.framework/Versions/A/Resources/libFontRegistry.dylib
0x00000000018e5000 	/System/Library/PrivateFrameworks/AppleVPA.framework/Versions/A/AppleVPA
0x00000000018e5000 	/System/Library/PrivateFrameworks/AppleJPEG.framework/Versions/A/AppleJPEG
0x00000000018e5000 	/System/Library/Frameworks/ImageIO.framework/Versions/A/Resources/libJPEG.dylib
0x00000000018e5000 	/System/Library/Frameworks/ImageIO.framework/Versions/A/Resources/libTIFF.dylib
0x00000000018e5000 	/System/Library/Frameworks/ImageIO.framework/Versions/A/Resources/libPng.dylib
0x00000000018e5000 	/System/Library/Frameworks/ImageIO.framework/Versions/A/Resources/libGIF.dylib
0x00000000018e5000 	/System/Library/Frameworks/ImageIO.framework/Versions/A/Resources/libJP2.dylib
0x00000000018e5000 	/System/Library/Frameworks/ImageIO.framework/Versions/A/Resources/libRadiance.dylib
0x00000000018e5000 	/System/Library/Frameworks/CoreVideo.framework/Versions/A/CoreVideo
0x00000000018e5000 	/System/Library/Frameworks/OpenGL.framework/Versions/A/Libraries/libGLU.dylib
0x00000000018e5000 	/System/Library/Frameworks/OpenGL.framework/Versions/A/Libraries/libGFXShared.dylib
0x00000000018e5000 	/System/Library/Frameworks/OpenGL.framework/Versions/A/Libraries/libGL.dylib
0x00000000018e5000 	/System/Library/Frameworks/OpenGL.framework/Versions/A/Libraries/libGLImage.dylib
0x00000000018e5000 	/System/Library/Frameworks/OpenGL.framework/Versions/A/Libraries/libCVMSPluginSupport.dylib
0x00000000018e5000 	/System/Library/Frameworks/OpenGL.framework/Versions/A/Libraries/libCoreVMClient.dylib
0x00000000018e5000 	/usr/lib/libcups.2.dylib
0x00000000018e5000 	/System/Library/Frameworks/Kerberos.framework/Versions/A/Kerberos
0x00000000018e5000 	/System/Library/Frameworks/GSS.framework/Versions/A/GSS
0x00000000018e5000 	/usr/lib/libresolv.9.dylib
0x00000000018e5000 	/usr/lib/libiconv.2.dylib
0x00000000018e5000 	/System/Library/PrivateFrameworks/Heimdal.framework/Versions/A/Heimdal
0x00000000018e5000 	/usr/lib/libheimdal-asn1.dylib
0x00000000018e5000 	/System/Library/Frameworks/OpenDirectory.framework/Versions/A/OpenDirectory
0x00000000018e5000 	/System/Library/PrivateFrameworks/CommonAuth.framework/Versions/A/CommonAuth
0x00000000018e5000 	/System/Library/Frameworks/OpenDirectory.framework/Versions/A/Frameworks/CFOpenDirectory.framework/Versions/A/CFOpenDirectory
0x00000000018e5000 	/System/Library/Frameworks/SecurityFoundation.framework/Versions/A/SecurityFoundation
0x00000000018e5000 	/System/Library/PrivateFrameworks/LanguageModeling.framework/Versions/A/LanguageModeling
0x00000000018e5000 	/usr/lib/libmarisa.dylib
0x00000000018e5000 	/usr/lib/libChineseTokenizer.dylib
0x00000000018e5000 	/usr/lib/libcmph.dylib
0x00000000018e5000 	/usr/lib/libcompression.dylib
0x00000000018e5000 	/System/Library/Frameworks/ServiceManagement.framework/Versions/A/ServiceManagement
0x00000000018e5000 	/usr/lib/libxslt.1.dylib
0x00000000018e5000 	/System/Library/Frameworks/Carbon.framework/Versions/A/Frameworks/Ink.framework/Versions/A/Ink
0x00000000018e5000 	/usr/lib/libFosl_dynamic.dylib
0x00000000018e5000 	/System/Library/PrivateFrameworks/FaceCore.framework/Versions/A/FaceCore
0x00000000018e5000 	/System/Library/Frameworks/OpenCL.framework/Versions/A/OpenCL
0x00000000018e5000 	/System/Library/PrivateFrameworks/CrashReporterSupport.framework/Versions/A/CrashReporterSupport
0x00000000018e5000 	/System/Library/PrivateFrameworks/IconServices.framework/Versions/A/IconServices
0x00000000018e5000 	/System/Library/PrivateFrameworks/Apple80211.framework/Versions/A/Apple80211
0x00000000018e5000 	/System/Library/Frameworks/CoreWLAN.framework/Versions/A/CoreWLAN
0x00000000018e5000 	/System/Library/Frameworks/IOBluetooth.framework/Versions/A/IOBluetooth
0x00000000018e5000 	/System/Library/PrivateFrameworks/CoreWiFi.framework/Versions/A/CoreWiFi
0x00000000018e5000 	/System/Library/Frameworks/CoreBluetooth.framework/Versions/A/CoreBluetooth
0x00000000018e5000 	/System/Library/PrivateFrameworks/ChunkingLibrary.framework/Versions/A/ChunkingLibrary
0x00000000018e5000 	/System/Library/PrivateFrameworks/DebugSymbols.framework/Versions/A/DebugSymbols
0x00000000018e5000 	/System/Library/PrivateFrameworks/CoreSymbolication.framework/Versions/A/CoreSymbolication
0x00000000018e5000 	/System/Library/PrivateFrameworks/Symbolication.framework/Versions/A/Symbolication
0x00000000018e5000 	/System/Library/PrivateFrameworks/SpeechRecognitionCore.framework/Versions/A/SpeechRecognitionCore
0x000000010ca5e000 	/Library/Java/JavaVirtualMachines/jdk1.8.0_05.jdk/Contents/Home/jre/lib/server/libjvm.dylib
0x00000000018e5000 	/usr/lib/libstdc++.6.dylib
0x000000010d91e000 	/Library/Java/JavaVirtualMachines/jdk1.8.0_05.jdk/Contents/Home/jre/lib/libverify.dylib
0x000000010d92c000 	/Library/Java/JavaVirtualMachines/jdk1.8.0_05.jdk/Contents/Home/jre/lib/libjava.dylib
0x000000010d96e000 	/Library/Java/JavaVirtualMachines/jdk1.8.0_05.jdk/Contents/Home/jre/lib/libzip.dylib
0x000000012157a000 	/System/Library/Frameworks/JavaVM.framework/Frameworks/JavaRuntimeSupport.framework/JavaRuntimeSupport
0x0000000121595000 	/System/Library/Frameworks/JavaVM.framework/Versions/A/Frameworks/JavaNativeFoundation.framework/Versions/A/JavaNativeFoundation
0x00000001215aa000 	/System/Library/Frameworks/JavaVM.framework/Versions/A/JavaVM
0x00000000018e5000 	/System/Library/Frameworks/Carbon.framework/Versions/A/Carbon
0x000000010d9f4000 	/System/Library/PrivateFrameworks/JavaLaunching.framework/Versions/A/JavaLaunching
0x00000000018e5000 	/System/Library/Frameworks/Carbon.framework/Versions/A/Frameworks/CommonPanels.framework/Versions/A/CommonPanels
0x00000000018e5000 	/System/Library/Frameworks/Carbon.framework/Versions/A/Frameworks/Help.framework/Versions/A/Help
0x00000000018e5000 	/System/Library/Frameworks/Carbon.framework/Versions/A/Frameworks/ImageCapture.framework/Versions/A/ImageCapture
0x00000000018e5000 	/System/Library/Frameworks/Carbon.framework/Versions/A/Frameworks/OpenScripting.framework/Versions/A/OpenScripting
0x00000000018e5000 	/System/Library/Frameworks/Carbon.framework/Versions/A/Frameworks/Print.framework/Versions/A/Print
0x00000000018e5000 	/System/Library/Frameworks/Carbon.framework/Versions/A/Frameworks/SecurityHI.framework/Versions/A/SecurityHI

VM Arguments:
jvm_args: -Djava.awt.headless=true -Xmx1024M -Dfile.encoding=UTF-8 -Duser.country=US -Duser.language=en -Duser.variant 
java_command: com.android.dx.command.Main --dex --force-jumbo --num-threads=4 --multi-dex --output /Users/mremondi/Desktop/Crave/app/build/intermediates/transforms/dex/debug/folders/1000/10/com.google.android.gms-play-services-games-9.0.2_2af8208e2b76fce355635865d415a9911c51b7fe /Users/mremondi/Desktop/Crave/app/build/intermediates/exploded-aar/com.google.android.gms/play-services-games/9.0.2/jars/classes.jar
java_class_path (initial): /Users/mremondi/Library/Android/sdk/build-tools/23.0.3/lib/dx.jar
Launcher Type: SUN_STANDARD

Environment Variables:
PATH=/usr/bin:/bin:/usr/sbin:/sbin
SHELL=/bin/bash
DISPLAY=/private/tmp/com.apple.launchd.rhLHIxXIle/org.macosforge.xquartz:0

Signal Handlers:
SIGSEGV: [libjvm.dylib+0x55f7df], sa_mask[0]=0xfffefeff, sa_flags=0x00000043
SIGBUS: [libjvm.dylib+0x55f7df], sa_mask[0]=0xfffefeff, sa_flags=0x00000042
SIGFPE: [libjvm.dylib+0x442cfa], sa_mask[0]=0xfffefeff, sa_flags=0x00000042
SIGPIPE: [libjvm.dylib+0x442cfa], sa_mask[0]=0xfffefeff, sa_flags=0x00000042
SIGXFSZ: [libjvm.dylib+0x442cfa], sa_mask[0]=0xfffefeff, sa_flags=0x00000042
SIGILL: [libjvm.dylib+0x442cfa], sa_mask[0]=0xfffefeff, sa_flags=0x00000042
SIGUSR1: SIG_DFL, sa_mask[0]=0x00000000, sa_flags=0x00000000
SIGUSR2: [libjvm.dylib+0x442818], sa_mask[0]=0x00000004, sa_flags=0x00000042
SIGHUP: [libjvm.dylib+0x440ba5], sa_mask[0]=0xfffefeff, sa_flags=0x00000042
SIGINT: [libjvm.dylib+0x440ba5], sa_mask[0]=0xfffefeff, sa_flags=0x00000042
SIGTERM: [libjvm.dylib+0x440ba5], sa_mask[0]=0xfffefeff, sa_flags=0x00000042
SIGQUIT: [libjvm.dylib+0x440ba5], sa_mask[0]=0xfffefeff, sa_flags=0x00000042


---------------  S Y S T E M  ---------------

OS:Bsduname:Darwin 15.3.0 Darwin Kernel Version 15.3.0: Thu Dec 10 18:40:58 PST 2015; root:xnu-3248.30.4~1/RELEASE_X86_64 x86_64
rlimit: STACK 8192k, CORE 0k, NPROC 709, NOFILE 10240, AS infinity
load average:66.36 20.16 8.58

CPU:total 4 (2 cores per cpu, 2 threads per core) family 6 model 69 stepping 1, cmov, cx8, fxsr, mmx, sse, sse2, sse3, ssse3, sse4.1, sse4.2, popcnt, avx, avx2, aes, clmul, erms, ht, tsc, tscinvbit

Memory: 4k page, physical 4194304k(39084k free)

/proc/meminfo:


vm_info: Java HotSpot(TM) 64-Bit Server VM (25.5-b02) for bsd-amd64 JRE (1.8.0_05-b13), built on Mar 18 2014 00:36:13 by "java_re" with gcc 4.2.1 (Based on Apple Inc. build 5658) (LLVM build 2336.11.00)

time: Mon Sep 12 14:38:19 2016
elapsed time: 16 seconds

