#
# A fatal error has been detected by the Java Runtime Environment:
#
#  SIGSEGV (0xb) at pc=0x0000000106f2750c, pid=92105, tid=3331
#
# JRE version: Java(TM) SE Runtime Environment (8.0_05-b13) (build 1.8.0_05-b13)
# Java VM: Java HotSpot(TM) 64-Bit Server VM (25.5-b02 mixed mode bsd-amd64 compressed oops)
# Problematic frame:
# V  [libjvm.dylib+0x2e250c]
#
# Failed to write core dump. Core dumps have been disabled. To enable core dumping, try "ulimit -c unlimited" before starting Java again
#
# If you would like to submit a bug report, please visit:
#   http://bugreport.sun.com/bugreport/crash.jsp
#

---------------  T H R E A D  ---------------

Current thread is native thread

siginfo:si_signo=SIGSEGV: si_errno=0, si_code=0 (SEGV0), si_addr=0x0000000000000000

Registers:
RAX=0x0000000000000000, RBX=0x0000000000000048, RCX=0x0000500000000000, RDX=0x00007fff71cd00d0
RSP=0x0000700000080e40, RBP=0x0000700000080e60, RSI=0x0000500000005000, RDI=0x00000001074a2db0
R8 =0x00000000fffffffc, R9 =0x00007fff71cd00c8, R10=0x00000000ffffffff, R11=0xffffffff00000000
R12=0x00000001069e3010, R13=0x0000000000000002, R14=0x00000001074a2db0, R15=0xff000000ff000000
RIP=0x0000000106f2750c, EFLAGS=0x0000000000010286, ERR=0x0000000000000000
  TRAPNO=0x000000000000000d

Top of Stack: (sp=0x0000700000080e40)
0x0000700000080e40:   0000000000000000 00000001069e3010
0x0000700000080e50:   000000000000000c 0000000000000160
0x0000700000080e60:   0000700000080eb0 00007fff82b5346b
0x0000700000080e70:   0000000000000008 00000000069cf301
0x0000700000080e80:   000000000000000b 0000000000000000
0x0000700000080e90:   00000000000008ff 0000000000000d03
0x0000700000080ea0:   00007fff592343e8 00000001069cf301
0x0000700000080eb0:   0000700000080ed0 00007fff82b5376f
0x0000700000080ec0:   0000000000000000 00007fff592343e8
0x0000700000080ed0:   0000700000080ef0 00000001069cf364
0x0000700000080ee0:   0000000000000d03 0000700000081000
0x0000700000080ef0:   0000700000080f10 00007fff837efc13
0x0000700000080f00:   0000000000000d03 0000700000081000
0x0000700000080f10:   0000700000080f50 00007fff837efb90
0x0000700000080f20:   0000000000000000 0000000000000000
0x0000700000080f30:   0000000000000000 0000000000000000
0x0000700000080f40:   0000000000000000 0000000000000000
0x0000700000080f50:   0000700000080f78 00007fff837ed375
0x0000700000080f60:   0000000000000000 0000000000000000
0x0000700000080f70:   0000000000000000 0000000000000000
0x0000700000080f80:   0000000000000000 0000000000000000
0x0000700000080f90:   0000000000000000 0000000000000000
0x0000700000080fa0:   0000000000000000 0000000000000000
0x0000700000080fb0:   0000000000000000 0000000000000000
0x0000700000080fc0:   0000000000000000 0000000000000000
0x0000700000080fd0:   0000000000000000 0000000000000000
0x0000700000080fe0:   0000000000000000 0000000000000000
0x0000700000080ff0:   0000000000000000 0000000000000000
0x0000700000081000:   0000000054485244 0000000000000000
0x0000700000081010:   0000000000000003 0000000001010102
0x0000700000081020:   000000000071dd3a 00000001069cf301
0x0000700000081030:   00007fff592343e8 0000000000000000 

Instructions: (pc=0x0000000106f2750c)
0x0000000106f274ec:   5d e9 bc d2 15 00 55 48 89 e5 41 57 41 56 41 54
0x0000000106f274fc:   53 31 db 49 89 fe 4d 8b 7c de 10 4d 85 ff 74 2c
0x0000000106f2750c:   4d 8b 67 18 49 8b 7f 20 48 85 ff 74 0a be 00 0f
0x0000000106f2751c:   00 00 e8 8b d2 15 00 4c 89 ff be 00 0f 00 00 e8 

Register to memory mapping:

RAX=0x0000000000000000 is an unknown value
RBX=0x0000000000000048 is an unknown value
RCX=0x0000500000000000 is an unknown value
RDX=0x00007fff71cd00d0: atexit_mutex+0x20 in /usr/lib/system/libsystem_c.dylib at 0x00007fff82af4000
RSP=0x0000700000080e40 is an unknown value
RBP=0x0000700000080e60 is an unknown value
RSI=0x0000500000005000 is an unknown value
RDI=0x00000001074a2db0: _ZN3Jfr16_jfr_stacktracesE+0 in /Library/Java/JavaVirtualMachines/jdk1.8.0_05.jdk/Contents/Home/jre/lib/server/libjvm.dylib at 0x0000000106c45000
R8 =0x00000000fffffffc is an unknown value
R9 =0x00007fff71cd00c8: atexit_mutex+0x18 in /usr/lib/system/libsystem_c.dylib at 0x00007fff82af4000
R10=0x00000000ffffffff is an unknown value
R11=0xffffffff00000000 is an unknown value
R12=0x00000001069e3010 is an unknown value
R13=0x0000000000000002 is an unknown value
R14=0x00000001074a2db0: _ZN3Jfr16_jfr_stacktracesE+0 in /Library/Java/JavaVirtualMachines/jdk1.8.0_05.jdk/Contents/Home/jre/lib/server/libjvm.dylib at 0x0000000106c45000
R15=0xff000000ff000000 is an unknown value


Stack: [0x0000700000001000,0x0000700000081000],  sp=0x0000700000080e40,  free space=511k
Native frames: (J=compiled Java code, j=interpreted, Vv=VM code, C=native code)
V  [libjvm.dylib+0x2e250c]
C  [libsystem_c.dylib+0x5f46b]  __cxa_finalize_ranges+0x159
C  [libsystem_c.dylib+0x5f76f]  exit+0x37
C  [java+0x5364]  CreateExecutionEnvironment+0x0
C  [libsystem_pthread.dylib+0x3c13]  _pthread_body+0x83
C  [libsystem_pthread.dylib+0x3b90]  _pthread_body+0x0
C  [libsystem_pthread.dylib+0x1375]  thread_start+0xd


---------------  P R O C E S S  ---------------

VM state:at safepoint (shutting down)

VM Mutex/Monitor currently owned by a thread:  ([mutex/lock_event])
[0x00007fb01b403000] Threads_lock - owner thread: 0x00007fb01c811800

Heap:
 PSYoungGen      total 22528K, used 12738K [0x00000007aab00000, 0x00000007ac480000, 0x00000007c0000000)
  eden space 18944K, 56% used [0x00000007aab00000,0x00000007ab568b80,0x00000007abd80000)
  from space 3584K, 58% used [0x00000007ac100000,0x00000007ac308000,0x00000007ac480000)
  to   space 3584K, 0% used [0x00000007abd80000,0x00000007abd80000,0x00000007ac100000)
 ParOldGen       total 64000K, used 6979K [0x0000000780000000, 0x0000000783e80000, 0x00000007aab00000)
  object space 64000K, 10% used [0x0000000780000000,0x00000007806d0dd0,0x0000000783e80000)
 Metaspace       used 6253K, capacity 7000K, committed 7168K, reserved 1056768K
  class space    used 639K, capacity 656K, committed 768K, reserved 1048576K

Card table byte_map: [0x00000001177c0000,0x00000001179c1000] byte_map_base: 0x0000000113bc0000

Marking Bits: (ParMarkBitMap*) 0x00000001074ab0a0
 Begin Bits: [0x0000000117b17000, 0x0000000118b17000)
 End Bits:   [0x0000000118b17000, 0x0000000119b17000)

Polling page: 0x0000000107b47000

CodeCache: size=245760Kb used=4378Kb max_used=4379Kb free=241381Kb
 bounds [0x0000000108400000, 0x0000000108850000, 0x0000000117400000]
 total_blobs=1686 nmethods=1412 adapters=190
 compilation: enabled

Compilation events (10 events):
Event: 6.158 Thread 0x00007fb01d02e000 1624       3       java.lang.Integer::reverseBytes (26 bytes)
Event: 6.158 Thread 0x00007fb01d02e000 nmethod 1624 0x00000001088436d0 code [0x0000000108843820, 0x0000000108843970]
Event: 6.158 Thread 0x00007fb01c032000 nmethod 1622 0x0000000108841150 code [0x00000001088412a0, 0x00000001088416f8]
Event: 6.160 Thread 0x00007fb01b822800 1625       4       java.lang.Integer::reverseBytes (26 bytes)
Event: 6.160 Thread 0x00007fb01b822800 nmethod 1625 0x000000010883e8d0 code [0x000000010883ea00, 0x000000010883ea78]
Event: 6.190 Thread 0x00007fb01d02e000 1626       3       sun.security.provider.SHA::implCompress (491 bytes)
Event: 6.196 Thread 0x00007fb01d02e000 nmethod 1626 0x0000000108841ad0 code [0x0000000108841cc0, 0x0000000108842588]
Event: 6.196 Thread 0x00007fb01d02e000 1627       3       sun.security.provider.ByteArrayAccess::b2iBig64 (614 bytes)
Event: 6.197 Thread 0x00007fb01c032000 1628 %     4       sun.security.provider.SHA::implCompress @ 12 (491 bytes)
Event: 6.197 Thread 0x00007fb01d02e000 nmethod 1627 0x00000001088484d0 code [0x00000001088486e0, 0x0000000108849408]

GC Heap History (10 events):
Event: 2.677 GC heap before
{Heap before GC invocations=8 (full 0):
 PSYoungGen      total 5632K, used 5604K [0x00000007aab00000, 0x00000007ab700000, 0x00000007c0000000)
  eden space 4096K, 100% used [0x00000007aab00000,0x00000007aaf00000,0x00000007aaf00000)
  from space 1536K, 98% used [0x00000007aaf00000,0x00000007ab079180,0x00000007ab080000)
  to   space 2048K, 0% used [0x00000007ab500000,0x00000007ab500000,0x00000007ab700000)
 ParOldGen       total 64000K, used 1523K [0x0000000780000000, 0x0000000783e80000, 0x00000007aab00000)
  object space 64000K, 2% used [0x0000000780000000,0x000000078017cdd8,0x0000000783e80000)
 Metaspace       used 5500K, capacity 6576K, committed 6784K, reserved 1056768K
  class space    used 582K, capacity 616K, committed 640K, reserved 1048576K
Event: 2.692 GC heap after
Heap after GC invocations=8 (full 0):
 PSYoungGen      total 9728K, used 1856K [0x00000007aab00000, 0x00000007ab800000, 0x00000007c0000000)
  eden space 7680K, 0% used [0x00000007aab00000,0x00000007aab00000,0x00000007ab280000)
  from space 2048K, 90% used [0x00000007ab500000,0x00000007ab6d0018,0x00000007ab700000)
  to   space 2560K, 0% used [0x00000007ab280000,0x00000007ab280000,0x00000007ab500000)
 ParOldGen       total 64000K, used 1634K [0x0000000780000000, 0x0000000783e80000, 0x00000007aab00000)
  object space 64000K, 2% used [0x0000000780000000,0x0000000780198ab0,0x0000000783e80000)
 Metaspace       used 5500K, capacity 6576K, committed 6784K, reserved 1056768K
  class space    used 582K, capacity 616K, committed 640K, reserved 1048576K
}
Event: 3.344 GC heap before
{Heap before GC invocations=9 (full 0):
 PSYoungGen      total 9728K, used 9536K [0x00000007aab00000, 0x00000007ab800000, 0x00000007c0000000)
  eden space 7680K, 100% used [0x00000007aab00000,0x00000007ab280000,0x00000007ab280000)
  from space 2048K, 90% used [0x00000007ab500000,0x00000007ab6d0018,0x00000007ab700000)
  to   space 2560K, 0% used [0x00000007ab280000,0x00000007ab280000,0x00000007ab500000)
 ParOldGen       total 64000K, used 1634K [0x0000000780000000, 0x0000000783e80000, 0x00000007aab00000)
  object space 64000K, 2% used [0x0000000780000000,0x0000000780198ab0,0x0000000783e80000)
 Metaspace       used 5549K, capacity 6640K, committed 6784K, reserved 1056768K
  class space    used 583K, capacity 616K, committed 640K, reserved 1048576K
Event: 3.360 GC heap after
Heap after GC invocations=9 (full 0):
 PSYoungGen      total 10240K, used 2528K [0x00000007aab00000, 0x00000007abd00000, 0x00000007c0000000)
  eden space 7680K, 0% used [0x00000007aab00000,0x00000007aab00000,0x00000007ab280000)
  from space 2560K, 98% used [0x00000007ab280000,0x00000007ab4f8018,0x00000007ab500000)
  to   space 3072K, 0% used [0x00000007aba00000,0x00000007aba00000,0x00000007abd00000)
 ParOldGen       total 64000K, used 2019K [0x0000000780000000, 0x0000000783e80000, 0x00000007aab00000)
  object space 64000K, 3% used [0x0000000780000000,0x00000007801f8e88,0x0000000783e80000)
 Metaspace       used 5549K, capacity 6640K, committed 6784K, reserved 1056768K
  class space    used 583K, capacity 616K, committed 640K, reserved 1048576K
}
Event: 3.820 GC heap before
{Heap before GC invocations=10 (full 0):
 PSYoungGen      total 10240K, used 10208K [0x00000007aab00000, 0x00000007abd00000, 0x00000007c0000000)
  eden space 7680K, 100% used [0x00000007aab00000,0x00000007ab280000,0x00000007ab280000)
  from space 2560K, 98% used [0x00000007ab280000,0x00000007ab4f8018,0x00000007ab500000)
  to   space 3072K, 0% used [0x00000007aba00000,0x00000007aba00000,0x00000007abd00000)
 ParOldGen       total 64000K, used 2019K [0x0000000780000000, 0x0000000783e80000, 0x00000007aab00000)
  object space 64000K, 3% used [0x0000000780000000,0x00000007801f8e88,0x0000000783e80000)
 Metaspace       used 5572K, capacity 6640K, committed 6784K, reserved 1056768K
  class space    used 584K, capacity 616K, committed 640K, reserved 1048576K
Event: 3.842 GC heap after
Heap after GC invocations=10 (full 0):
 PSYoungGen      total 14848K, used 2784K [0x00000007aab00000, 0x00000007abe00000, 0x00000007c0000000)
  eden space 11776K, 0% used [0x00000007aab00000,0x00000007aab00000,0x00000007ab680000)
  from space 3072K, 90% used [0x00000007aba00000,0x00000007abcb8010,0x00000007abd00000)
  to   space 3584K, 0% used [0x00000007ab680000,0x00000007ab680000,0x00000007aba00000)
 ParOldGen       total 64000K, used 3075K [0x0000000780000000, 0x0000000783e80000, 0x00000007aab00000)
  object space 64000K, 4% used [0x0000000780000000,0x0000000780300ec0,0x0000000783e80000)
 Metaspace       used 5572K, capacity 6640K, committed 6784K, reserved 1056768K
  class space    used 584K, capacity 616K, committed 640K, reserved 1048576K
}
Event: 4.544 GC heap before
{Heap before GC invocations=11 (full 0):
 PSYoungGen      total 14848K, used 14560K [0x00000007aab00000, 0x00000007abe00000, 0x00000007c0000000)
  eden space 11776K, 100% used [0x00000007aab00000,0x00000007ab680000,0x00000007ab680000)
  from space 3072K, 90% used [0x00000007aba00000,0x00000007abcb8010,0x00000007abd00000)
  to   space 3584K, 0% used [0x00000007ab680000,0x00000007ab680000,0x00000007aba00000)
 ParOldGen       total 64000K, used 3075K [0x0000000780000000, 0x0000000783e80000, 0x00000007aab00000)
  object space 64000K, 4% used [0x0000000780000000,0x0000000780300ec0,0x0000000783e80000)
 Metaspace       used 5613K, capacity 6704K, committed 6784K, reserved 1056768K
  class space    used 584K, capacity 616K, committed 640K, reserved 1048576K
Event: 4.561 GC heap after
Heap after GC invocations=11 (full 0):
 PSYoungGen      total 15360K, used 1888K [0x00000007aab00000, 0x00000007ac480000, 0x00000007c0000000)
  eden space 11776K, 0% used [0x00000007aab00000,0x00000007aab00000,0x00000007ab680000)
  from space 3584K, 52% used [0x00000007ab680000,0x00000007ab858000,0x00000007aba00000)
  to   space 3584K, 0% used [0x00000007ac100000,0x00000007ac100000,0x00000007ac480000)
 ParOldGen       total 64000K, used 5510K [0x0000000780000000, 0x0000000783e80000, 0x00000007aab00000)
  object space 64000K, 8% used [0x0000000780000000,0x00000007805619a8,0x0000000783e80000)
 Metaspace       used 5613K, capacity 6704K, committed 6784K, reserved 1056768K
  class space    used 584K, capacity 616K, committed 640K, reserved 1048576K
}
Event: 4.906 GC heap before
{Heap before GC invocations=12 (full 0):
 PSYoungGen      total 15360K, used 13664K [0x00000007aab00000, 0x00000007ac480000, 0x00000007c0000000)
  eden space 11776K, 100% used [0x00000007aab00000,0x00000007ab680000,0x00000007ab680000)
  from space 3584K, 52% used [0x00000007ab680000,0x00000007ab858000,0x00000007aba00000)
  to   space 3584K, 0% used [0x00000007ac100000,0x00000007ac100000,0x00000007ac480000)
 ParOldGen       total 64000K, used 5510K [0x0000000780000000, 0x0000000783e80000, 0x00000007aab00000)
  object space 64000K, 8% used [0x0000000780000000,0x00000007805619a8,0x0000000783e80000)
 Metaspace       used 5617K, capacity 6704K, committed 6784K, reserved 1056768K
  class space    used 584K, capacity 616K, committed 640K, reserved 1048576K
Event: 4.913 GC heap after
Heap after GC invocations=12 (full 0):
 PSYoungGen      total 22528K, used 2080K [0x00000007aab00000, 0x00000007ac480000, 0x00000007c0000000)
  eden space 18944K, 0% used [0x00000007aab00000,0x00000007aab00000,0x00000007abd80000)
  from space 3584K, 58% used [0x00000007ac100000,0x00000007ac308000,0x00000007ac480000)
  to   space 3584K, 0% used [0x00000007abd80000,0x00000007abd80000,0x00000007ac100000)
 ParOldGen       total 64000K, used 6979K [0x0000000780000000, 0x0000000783e80000, 0x00000007aab00000)
  object space 64000K, 10% used [0x0000000780000000,0x00000007806d0dd0,0x0000000783e80000)
 Metaspace       used 5617K, capacity 6704K, committed 6784K, reserved 1056768K
  class space    used 584K, capacity 616K, committed 640K, reserved 1048576K
}

Deoptimization events (10 events):
Event: 5.461 Thread 0x00007fb01d039800 Uncommon trap: reason=class_check action=maybe_recompile pc=0x00000001086c522c method=java.util.Arrays.equals([Ljava/lang/Object;[Ljava/lang/Object;)Z @ 62
Event: 5.462 Thread 0x00007fb01d039800 Uncommon trap: reason=class_check action=maybe_recompile pc=0x00000001086c522c method=java.util.Arrays.equals([Ljava/lang/Object;[Ljava/lang/Object;)Z @ 62
Event: 5.462 Thread 0x00007fb01d039800 Uncommon trap: reason=class_check action=maybe_recompile pc=0x00000001086c522c method=java.util.Arrays.equals([Ljava/lang/Object;[Ljava/lang/Object;)Z @ 62
Event: 5.462 Thread 0x00007fb01d039800 Uncommon trap: reason=class_check action=maybe_recompile pc=0x00000001086c522c method=java.util.Arrays.equals([Ljava/lang/Object;[Ljava/lang/Object;)Z @ 62
Event: 5.536 Thread 0x00007fb01d039800 Uncommon trap: reason=unreached action=reinterpret pc=0x00000001087b0d84 method=com.android.dx.dex.code.OutputFinisher.findOpcodeForInsn(Lcom/android/dx/dex/code/DalvInsn;Lcom/android/dx/dex/code/Dop;)Lcom/android/dx/dex/code/Dop; @ 1
Event: 6.089 Thread 0x00007fb01d039800 Uncommon trap: reason=unreached action=reinterpret pc=0x00000001086e91a0 method=java.util.Arrays.copyOf([Ljava/lang/Object;ILjava/lang/Class;)[Ljava/lang/Object; @ 3
Event: 6.126 Thread 0x00007fb01d039800 Uncommon trap: reason=class_check action=maybe_recompile pc=0x0000000108844a10 method=java.util.HashMap.putVal(ILjava/lang/Object;Ljava/lang/Object;ZZ)Ljava/lang/Object; @ 56
Event: 6.127 Thread 0x00007fb01d039800 Uncommon trap: reason=class_check action=maybe_recompile pc=0x0000000108844a7c method=java.util.HashMap.putVal(ILjava/lang/Object;Ljava/lang/Object;ZZ)Ljava/lang/Object; @ 152
Event: 6.127 Thread 0x00007fb01d039800 Uncommon trap: reason=class_check action=maybe_recompile pc=0x0000000108844a7c method=java.util.HashMap.putVal(ILjava/lang/Object;Ljava/lang/Object;ZZ)Ljava/lang/Object; @ 152
Event: 6.127 Thread 0x00007fb01d039800 Uncommon trap: reason=class_check action=maybe_recompile pc=0x0000000108844a7c method=java.util.HashMap.putVal(ILjava/lang/Object;Ljava/lang/Object;ZZ)Ljava/lang/Object; @ 152

Internal exceptions (10 events):
Event: 5.414 Thread 0x00007fb01d039800 Exception <a 'java/security/PrivilegedActionException'> (0x00000007ab377c20) thrown at [/HUDSON/workspace/8-2-build-macosx-x86_64/jdk8u5/2488/hotspot/src/share/vm/prims/jvm.cpp, line 1248]
Event: 5.459 Thread 0x00007fb01d039800 Exception <a 'java/security/PrivilegedActionException'> (0x00000007ab380e50) thrown at [/HUDSON/workspace/8-2-build-macosx-x86_64/jdk8u5/2488/hotspot/src/share/vm/prims/jvm.cpp, line 1248]
Event: 5.461 Thread 0x00007fb01d039800 Exception <a 'java/security/PrivilegedActionException'> (0x00000007ab384120) thrown at [/HUDSON/workspace/8-2-build-macosx-x86_64/jdk8u5/2488/hotspot/src/share/vm/prims/jvm.cpp, line 1248]
Event: 5.462 Thread 0x00007fb01d039800 Exception <a 'java/security/PrivilegedActionException'> (0x00000007ab388340) thrown at [/HUDSON/workspace/8-2-build-macosx-x86_64/jdk8u5/2488/hotspot/src/share/vm/prims/jvm.cpp, line 1248]
Event: 5.536 Thread 0x00007fb01d039800 Exception <a 'java/security/PrivilegedActionException'> (0x00000007ab3e9220) thrown at [/HUDSON/workspace/8-2-build-macosx-x86_64/jdk8u5/2488/hotspot/src/share/vm/prims/jvm.cpp, line 1248]
Event: 5.810 Thread 0x00007fb01d039800 Exception <a 'java/security/PrivilegedActionException'> (0x00000007ab4a3e90) thrown at [/HUDSON/workspace/8-2-build-macosx-x86_64/jdk8u5/2488/hotspot/src/share/vm/prims/jvm.cpp, line 1248]
Event: 5.817 Thread 0x00007fb01d039800 Exception <a 'java/security/PrivilegedActionException'> (0x00000007ab4f5418) thrown at [/HUDSON/workspace/8-2-build-macosx-x86_64/jdk8u5/2488/hotspot/src/share/vm/prims/jvm.cpp, line 1248]
Event: 5.818 Thread 0x00007fb01d039800 Exception <a 'java/security/PrivilegedActionException'> (0x00000007ab4fabf0) thrown at [/HUDSON/workspace/8-2-build-macosx-x86_64/jdk8u5/2488/hotspot/src/share/vm/prims/jvm.cpp, line 1248]
Event: 5.822 Thread 0x00007fb01d039800 Exception <a 'java/security/PrivilegedActionException'> (0x00000007ab5009f0) thrown at [/HUDSON/workspace/8-2-build-macosx-x86_64/jdk8u5/2488/hotspot/src/share/vm/prims/jvm.cpp, line 1248]
Event: 5.982 Thread 0x00007fb01d039800 Exception <a 'java/security/PrivilegedActionException'> (0x00000007ab505080) thrown at [/HUDSON/workspace/8-2-build-macosx-x86_64/jdk8u5/2488/hotspot/src/share/vm/prims/jvm.cpp, line 1248]

Events (10 events):
Event: 6.200 Executing VM operation: RevokeBias
Event: 6.200 Executing VM operation: RevokeBias done
Event: 6.200 Thread 0x00007fb01d039800 Thread exited: 0x00007fb01d039800
Event: 6.201 Thread 0x00007fb01c800800 Thread exited: 0x00007fb01c800800
Event: 6.201 Thread 0x00007fb01c16d000 Thread added: 0x00007fb01c16d000
Event: 6.201 loading class java/lang/Shutdown
Event: 6.201 loading class java/lang/Shutdown done
Event: 6.201 loading class java/lang/Shutdown$Lock
Event: 6.201 loading class java/lang/Shutdown$Lock done
Event: 6.201 Thread 0x00007fb01c16d000 Thread exited: 0x00007fb01c16d000


Dynamic libraries:
0x00000000018e5000 	/System/Library/Frameworks/Cocoa.framework/Versions/A/Cocoa
0x00000000018e5000 	/System/Library/Frameworks/Security.framework/Versions/A/Security
0x00000000018e5000 	/System/Library/Frameworks/ApplicationServices.framework/Versions/A/ApplicationServices
0x00000000018e5000 	/usr/lib/libz.1.dylib
0x00000000018e5000 	/usr/lib/libSystem.B.dylib
0x00000000018e5000 	/usr/lib/libobjc.A.dylib
0x00000000018e5000 	/System/Library/Frameworks/CoreFoundation.framework/Versions/A/CoreFoundation
0x00000000018e5000 	/System/Library/Frameworks/Foundation.framework/Versions/C/Foundation
0x00000000018e5000 	/System/Library/Frameworks/AppKit.framework/Versions/C/AppKit
0x00000000018e5000 	/System/Library/Frameworks/CoreData.framework/Versions/A/CoreData
0x00000000018e5000 	/System/Library/PrivateFrameworks/RemoteViewServices.framework/Versions/A/RemoteViewServices
0x00000000018e5000 	/System/Library/PrivateFrameworks/UIFoundation.framework/Versions/A/UIFoundation
0x00000000018e5000 	/usr/lib/libScreenReader.dylib
0x00000000018e5000 	/System/Library/Frameworks/Accelerate.framework/Versions/A/Accelerate
0x00000000018e5000 	/System/Library/Frameworks/IOSurface.framework/Versions/A/IOSurface
0x00000000018e5000 	/System/Library/Frameworks/AudioToolbox.framework/Versions/A/AudioToolbox
0x00000000018e5000 	/System/Library/Frameworks/AudioUnit.framework/Versions/A/AudioUnit
0x00000000018e5000 	/System/Library/PrivateFrameworks/DataDetectorsCore.framework/Versions/A/DataDetectorsCore
0x00000000018e5000 	/System/Library/PrivateFrameworks/DesktopServicesPriv.framework/Versions/A/DesktopServicesPriv
0x00000000018e5000 	/System/Library/Frameworks/Carbon.framework/Versions/A/Frameworks/HIToolbox.framework/Versions/A/HIToolbox
0x00000000018e5000 	/System/Library/Frameworks/QuartzCore.framework/Versions/A/QuartzCore
0x00000000018e5000 	/System/Library/Frameworks/Carbon.framework/Versions/A/Frameworks/SpeechRecognition.framework/Versions/A/SpeechRecognition
0x00000000018e5000 	/usr/lib/libauto.dylib
0x00000000018e5000 	/usr/lib/libicucore.A.dylib
0x00000000018e5000 	/usr/lib/libxml2.2.dylib
0x00000000018e5000 	/System/Library/PrivateFrameworks/CoreUI.framework/Versions/A/CoreUI
0x00000000018e5000 	/System/Library/Frameworks/CoreAudio.framework/Versions/A/CoreAudio
0x00000000018e5000 	/System/Library/Frameworks/DiskArbitration.framework/Versions/A/DiskArbitration
0x00000000018e5000 	/usr/lib/liblangid.dylib
0x00000000018e5000 	/System/Library/PrivateFrameworks/MultitouchSupport.framework/Versions/A/MultitouchSupport
0x00000000018e5000 	/System/Library/Frameworks/IOKit.framework/Versions/A/IOKit
0x00000000018e5000 	/usr/lib/libDiagnosticMessagesClient.dylib
0x00000000018e5000 	/System/Library/Frameworks/CoreServices.framework/Versions/A/CoreServices
0x00000000018e5000 	/System/Library/PrivateFrameworks/PerformanceAnalysis.framework/Versions/A/PerformanceAnalysis
0x00000000018e5000 	/System/Library/PrivateFrameworks/GenerationalStorage.framework/Versions/A/GenerationalStorage
0x00000000018e5000 	/System/Library/Frameworks/OpenGL.framework/Versions/A/OpenGL
0x00000000018e5000 	/System/Library/PrivateFrameworks/Sharing.framework/Versions/A/Sharing
0x00000000018e5000 	/System/Library/Frameworks/CoreGraphics.framework/Versions/A/CoreGraphics
0x00000000018e5000 	/System/Library/Frameworks/CoreImage.framework/Versions/A/CoreImage
0x00000000018e5000 	/System/Library/Frameworks/CoreText.framework/Versions/A/CoreText
0x00000000018e5000 	/System/Library/Frameworks/ImageIO.framework/Versions/A/ImageIO
0x00000000018e5000 	/System/Library/PrivateFrameworks/Backup.framework/Versions/A/Backup
0x00000000018e5000 	/usr/lib/libextension.dylib
0x00000000018e5000 	/usr/lib/libarchive.2.dylib
0x00000000018e5000 	/System/Library/Frameworks/CFNetwork.framework/Versions/A/CFNetwork
0x00000000018e5000 	/System/Library/Frameworks/SystemConfiguration.framework/Versions/A/SystemConfiguration
0x00000000018e5000 	/usr/lib/libCRFSuite.dylib
0x00000000018e5000 	/usr/lib/libc++.1.dylib
0x00000000018e5000 	/usr/lib/libc++abi.dylib
0x00000000018e5000 	/usr/lib/system/libcache.dylib
0x00000000018e5000 	/usr/lib/system/libcommonCrypto.dylib
0x00000000018e5000 	/usr/lib/system/libcompiler_rt.dylib
0x00000000018e5000 	/usr/lib/system/libcopyfile.dylib
0x00000000018e5000 	/usr/lib/system/libcorecrypto.dylib
0x00000000018e5000 	/usr/lib/system/libdispatch.dylib
0x00000000018e5000 	/usr/lib/system/libdyld.dylib
0x00000000018e5000 	/usr/lib/system/libkeymgr.dylib
0x00000000018e5000 	/usr/lib/system/liblaunch.dylib
0x00000000018e5000 	/usr/lib/system/libmacho.dylib
0x00000000018e5000 	/usr/lib/system/libquarantine.dylib
0x00000000018e5000 	/usr/lib/system/libremovefile.dylib
0x00000000018e5000 	/usr/lib/system/libsystem_asl.dylib
0x00000000018e5000 	/usr/lib/system/libsystem_blocks.dylib
0x00000000018e5000 	/usr/lib/system/libsystem_c.dylib
0x00000000018e5000 	/usr/lib/system/libsystem_configuration.dylib
0x00000000018e5000 	/usr/lib/system/libsystem_coreservices.dylib
0x00000000018e5000 	/usr/lib/system/libsystem_coretls.dylib
0x00000000018e5000 	/usr/lib/system/libsystem_dnssd.dylib
0x00000000018e5000 	/usr/lib/system/libsystem_info.dylib
0x00000000018e5000 	/usr/lib/system/libsystem_kernel.dylib
0x00000000018e5000 	/usr/lib/system/libsystem_m.dylib
0x00000000018e5000 	/usr/lib/system/libsystem_malloc.dylib
0x00000000018e5000 	/usr/lib/system/libsystem_network.dylib
0x00000000018e5000 	/usr/lib/system/libsystem_networkextension.dylib
0x00000000018e5000 	/usr/lib/system/libsystem_notify.dylib
0x00000000018e5000 	/usr/lib/system/libsystem_platform.dylib
0x00000000018e5000 	/usr/lib/system/libsystem_pthread.dylib
0x00000000018e5000 	/usr/lib/system/libsystem_sandbox.dylib
0x00000000018e5000 	/usr/lib/system/libsystem_secinit.dylib
0x00000000018e5000 	/usr/lib/system/libsystem_trace.dylib
0x00000000018e5000 	/usr/lib/system/libunc.dylib
0x00000000018e5000 	/usr/lib/system/libunwind.dylib
0x00000000018e5000 	/usr/lib/system/libxpc.dylib
0x00000000018e5000 	/usr/lib/libenergytrace.dylib
0x00000000018e5000 	/usr/lib/libbsm.0.dylib
0x00000000018e5000 	/usr/lib/system/libkxld.dylib
0x00000000018e5000 	/usr/lib/libxar.1.dylib
0x00000000018e5000 	/usr/lib/libsqlite3.dylib
0x00000000018e5000 	/usr/lib/libpam.2.dylib
0x00000000018e5000 	/usr/lib/libOpenScriptingUtil.dylib
0x00000000018e5000 	/usr/lib/libbz2.1.0.dylib
0x00000000018e5000 	/usr/lib/liblzma.5.dylib
0x00000000018e5000 	/System/Library/Frameworks/CoreServices.framework/Versions/A/Frameworks/FSEvents.framework/Versions/A/FSEvents
0x00000000018e5000 	/System/Library/Frameworks/CoreServices.framework/Versions/A/Frameworks/CarbonCore.framework/Versions/A/CarbonCore
0x00000000018e5000 	/System/Library/Frameworks/CoreServices.framework/Versions/A/Frameworks/Metadata.framework/Versions/A/Metadata
0x00000000018e5000 	/System/Library/Frameworks/CoreServices.framework/Versions/A/Frameworks/OSServices.framework/Versions/A/OSServices
0x00000000018e5000 	/System/Library/Frameworks/CoreServices.framework/Versions/A/Frameworks/SearchKit.framework/Versions/A/SearchKit
0x00000000018e5000 	/System/Library/Frameworks/CoreServices.framework/Versions/A/Frameworks/AE.framework/Versions/A/AE
0x00000000018e5000 	/System/Library/Frameworks/CoreServices.framework/Versions/A/Frameworks/LaunchServices.framework/Versions/A/LaunchServices
0x00000000018e5000 	/System/Library/Frameworks/CoreServices.framework/Versions/A/Frameworks/DictionaryServices.framework/Versions/A/DictionaryServices
0x00000000018e5000 	/System/Library/Frameworks/CoreServices.framework/Versions/A/Frameworks/SharedFileList.framework/Versions/A/SharedFileList
0x00000000018e5000 	/System/Library/Frameworks/NetFS.framework/Versions/A/NetFS
0x00000000018e5000 	/System/Library/PrivateFrameworks/NetAuth.framework/Versions/A/NetAuth
0x00000000018e5000 	/System/Library/PrivateFrameworks/login.framework/Versions/A/Frameworks/loginsupport.framework/Versions/A/loginsupport
0x00000000018e5000 	/System/Library/PrivateFrameworks/TCC.framework/Versions/A/TCC
0x00000000018e5000 	/usr/lib/libmecabra.dylib
0x00000000018e5000 	/System/Library/Frameworks/ApplicationServices.framework/Versions/A/Frameworks/ATS.framework/Versions/A/ATS
0x00000000018e5000 	/System/Library/Frameworks/ApplicationServices.framework/Versions/A/Frameworks/ColorSync.framework/Versions/A/ColorSync
0x00000000018e5000 	/System/Library/Frameworks/ApplicationServices.framework/Versions/A/Frameworks/HIServices.framework/Versions/A/HIServices
0x00000000018e5000 	/System/Library/Frameworks/ApplicationServices.framework/Versions/A/Frameworks/LangAnalysis.framework/Versions/A/LangAnalysis
0x00000000018e5000 	/System/Library/Frameworks/ApplicationServices.framework/Versions/A/Frameworks/PrintCore.framework/Versions/A/PrintCore
0x00000000018e5000 	/System/Library/Frameworks/ApplicationServices.framework/Versions/A/Frameworks/QD.framework/Versions/A/QD
0x00000000018e5000 	/System/Library/Frameworks/ApplicationServices.framework/Versions/A/Frameworks/SpeechSynthesis.framework/Versions/A/SpeechSynthesis
0x00000000018e5000 	/System/Library/Frameworks/Metal.framework/Versions/A/Metal
0x00000000018e5000 	/System/Library/Frameworks/Accelerate.framework/Versions/A/Frameworks/vImage.framework/Versions/A/vImage
0x00000000018e5000 	/System/Library/Frameworks/Accelerate.framework/Versions/A/Frameworks/vecLib.framework/Versions/A/vecLib
0x00000000018e5000 	/System/Library/Frameworks/Accelerate.framework/Versions/A/Frameworks/vecLib.framework/Versions/A/libvDSP.dylib
0x00000000018e5000 	/System/Library/Frameworks/Accelerate.framework/Versions/A/Frameworks/vecLib.framework/Versions/A/libvMisc.dylib
0x00000000018e5000 	/System/Library/Frameworks/Accelerate.framework/Versions/A/Frameworks/vecLib.framework/Versions/A/libLAPACK.dylib
0x00000000018e5000 	/System/Library/Frameworks/Accelerate.framework/Versions/A/Frameworks/vecLib.framework/Versions/A/libBLAS.dylib
0x00000000018e5000 	/System/Library/Frameworks/Accelerate.framework/Versions/A/Frameworks/vecLib.framework/Versions/A/libLinearAlgebra.dylib
0x00000000018e5000 	/System/Library/Frameworks/Accelerate.framework/Versions/A/Frameworks/vecLib.framework/Versions/A/libSparseBLAS.dylib
0x00000000018e5000 	/System/Library/PrivateFrameworks/GPUCompiler.framework/libmetal_timestamp.dylib
0x00000000018e5000 	/System/Library/Frameworks/OpenGL.framework/Versions/A/Libraries/libCoreFSCache.dylib
0x00000000018e5000 	/System/Library/PrivateFrameworks/IOAccelerator.framework/Versions/A/IOAccelerator
0x00000000018e5000 	/System/Library/Frameworks/ApplicationServices.framework/Versions/A/Frameworks/ATS.framework/Versions/A/Resources/libFontParser.dylib
0x00000000018e5000 	/System/Library/Frameworks/ApplicationServices.framework/Versions/A/Frameworks/ATS.framework/Versions/A/Resources/libFontRegistry.dylib
0x00000000018e5000 	/System/Library/PrivateFrameworks/AppleVPA.framework/Versions/A/AppleVPA
0x00000000018e5000 	/System/Library/PrivateFrameworks/AppleJPEG.framework/Versions/A/AppleJPEG
0x00000000018e5000 	/System/Library/Frameworks/ImageIO.framework/Versions/A/Resources/libJPEG.dylib
0x00000000018e5000 	/System/Library/Frameworks/ImageIO.framework/Versions/A/Resources/libTIFF.dylib
0x00000000018e5000 	/System/Library/Frameworks/ImageIO.framework/Versions/A/Resources/libPng.dylib
0x00000000018e5000 	/System/Library/Frameworks/ImageIO.framework/Versions/A/Resources/libGIF.dylib
0x00000000018e5000 	/System/Library/Frameworks/ImageIO.framework/Versions/A/Resources/libJP2.dylib
0x00000000018e5000 	/System/Library/Frameworks/ImageIO.framework/Versions/A/Resources/libRadiance.dylib
0x00000000018e5000 	/System/Library/Frameworks/CoreVideo.framework/Versions/A/CoreVideo
0x00000000018e5000 	/System/Library/Frameworks/OpenGL.framework/Versions/A/Libraries/libGLU.dylib
0x00000000018e5000 	/System/Library/Frameworks/OpenGL.framework/Versions/A/Libraries/libGFXShared.dylib
0x00000000018e5000 	/System/Library/Frameworks/OpenGL.framework/Versions/A/Libraries/libGL.dylib
0x00000000018e5000 	/System/Library/Frameworks/OpenGL.framework/Versions/A/Libraries/libGLImage.dylib
0x00000000018e5000 	/System/Library/Frameworks/OpenGL.framework/Versions/A/Libraries/libCVMSPluginSupport.dylib
0x00000000018e5000 	/System/Library/Frameworks/OpenGL.framework/Versions/A/Libraries/libCoreVMClient.dylib
0x00000000018e5000 	/usr/lib/libcups.2.dylib
0x00000000018e5000 	/System/Library/Frameworks/Kerberos.framework/Versions/A/Kerberos
0x00000000018e5000 	/System/Library/Frameworks/GSS.framework/Versions/A/GSS
0x00000000018e5000 	/usr/lib/libresolv.9.dylib
0x00000000018e5000 	/usr/lib/libiconv.2.dylib
0x00000000018e5000 	/System/Library/PrivateFrameworks/Heimdal.framework/Versions/A/Heimdal
0x00000000018e5000 	/usr/lib/libheimdal-asn1.dylib
0x00000000018e5000 	/System/Library/Frameworks/OpenDirectory.framework/Versions/A/OpenDirectory
0x00000000018e5000 	/System/Library/PrivateFrameworks/CommonAuth.framework/Versions/A/CommonAuth
0x00000000018e5000 	/System/Library/Frameworks/OpenDirectory.framework/Versions/A/Frameworks/CFOpenDirectory.framework/Versions/A/CFOpenDirectory
0x00000000018e5000 	/System/Library/Frameworks/SecurityFoundation.framework/Versions/A/SecurityFoundation
0x00000000018e5000 	/System/Library/PrivateFrameworks/LanguageModeling.framework/Versions/A/LanguageModeling
0x00000000018e5000 	/usr/lib/libmarisa.dylib
0x00000000018e5000 	/usr/lib/libChineseTokenizer.dylib
0x00000000018e5000 	/usr/lib/libcmph.dylib
0x00000000018e5000 	/usr/lib/libcompression.dylib
0x00000000018e5000 	/System/Library/Frameworks/ServiceManagement.framework/Versions/A/ServiceManagement
0x00000000018e5000 	/usr/lib/libxslt.1.dylib
0x00000000018e5000 	/System/Library/Frameworks/Carbon.framework/Versions/A/Frameworks/Ink.framework/Versions/A/Ink
0x00000000018e5000 	/usr/lib/libFosl_dynamic.dylib
0x00000000018e5000 	/System/Library/PrivateFrameworks/FaceCore.framework/Versions/A/FaceCore
0x00000000018e5000 	/System/Library/Frameworks/OpenCL.framework/Versions/A/OpenCL
0x00000000018e5000 	/System/Library/PrivateFrameworks/CrashReporterSupport.framework/Versions/A/CrashReporterSupport
0x00000000018e5000 	/System/Library/PrivateFrameworks/IconServices.framework/Versions/A/IconServices
0x00000000018e5000 	/System/Library/PrivateFrameworks/Apple80211.framework/Versions/A/Apple80211
0x00000000018e5000 	/System/Library/Frameworks/CoreWLAN.framework/Versions/A/CoreWLAN
0x00000000018e5000 	/System/Library/Frameworks/IOBluetooth.framework/Versions/A/IOBluetooth
0x00000000018e5000 	/System/Library/PrivateFrameworks/CoreWiFi.framework/Versions/A/CoreWiFi
0x00000000018e5000 	/System/Library/Frameworks/CoreBluetooth.framework/Versions/A/CoreBluetooth
0x00000000018e5000 	/System/Library/PrivateFrameworks/ChunkingLibrary.framework/Versions/A/ChunkingLibrary
0x00000000018e5000 	/System/Library/PrivateFrameworks/DebugSymbols.framework/Versions/A/DebugSymbols
0x00000000018e5000 	/System/Library/PrivateFrameworks/CoreSymbolication.framework/Versions/A/CoreSymbolication
0x00000000018e5000 	/System/Library/PrivateFrameworks/Symbolication.framework/Versions/A/Symbolication
0x00000000018e5000 	/System/Library/PrivateFrameworks/SpeechRecognitionCore.framework/Versions/A/SpeechRecognitionCore
0x0000000106c45000 	/Library/Java/JavaVirtualMachines/jdk1.8.0_05.jdk/Contents/Home/jre/lib/server/libjvm.dylib
0x00000000018e5000 	/usr/lib/libstdc++.6.dylib
0x0000000107b05000 	/Library/Java/JavaVirtualMachines/jdk1.8.0_05.jdk/Contents/Home/jre/lib/libverify.dylib
0x0000000107b13000 	/Library/Java/JavaVirtualMachines/jdk1.8.0_05.jdk/Contents/Home/jre/lib/libjava.dylib
0x0000000107b55000 	/Library/Java/JavaVirtualMachines/jdk1.8.0_05.jdk/Contents/Home/jre/lib/libzip.dylib
0x000000011b75f000 	/System/Library/Frameworks/JavaVM.framework/Frameworks/JavaRuntimeSupport.framework/JavaRuntimeSupport
0x000000011b77a000 	/System/Library/Frameworks/JavaVM.framework/Versions/A/Frameworks/JavaNativeFoundation.framework/Versions/A/JavaNativeFoundation
0x000000011b78f000 	/System/Library/Frameworks/JavaVM.framework/Versions/A/JavaVM
0x00000000018e5000 	/System/Library/Frameworks/Carbon.framework/Versions/A/Carbon
0x000000011b79c000 	/System/Library/PrivateFrameworks/JavaLaunching.framework/Versions/A/JavaLaunching
0x00000000018e5000 	/System/Library/Frameworks/Carbon.framework/Versions/A/Frameworks/CommonPanels.framework/Versions/A/CommonPanels
0x00000000018e5000 	/System/Library/Frameworks/Carbon.framework/Versions/A/Frameworks/Help.framework/Versions/A/Help
0x00000000018e5000 	/System/Library/Frameworks/Carbon.framework/Versions/A/Frameworks/ImageCapture.framework/Versions/A/ImageCapture
0x00000000018e5000 	/System/Library/Frameworks/Carbon.framework/Versions/A/Frameworks/OpenScripting.framework/Versions/A/OpenScripting
0x00000000018e5000 	/System/Library/Frameworks/Carbon.framework/Versions/A/Frameworks/Print.framework/Versions/A/Print
0x00000000018e5000 	/System/Library/Frameworks/Carbon.framework/Versions/A/Frameworks/SecurityHI.framework/Versions/A/SecurityHI

VM Arguments:
jvm_args: -Djava.awt.headless=true -Xmx1024M -Dfile.encoding=UTF-8 -Duser.country=US -Duser.language=en -Duser.variant 
java_command: com.android.dx.command.Main --dex --force-jumbo --num-threads=4 --multi-dex --output /Users/mremondi/Desktop/Crave/app/build/intermediates/transforms/dex/debug/folders/1000/10/com.google.android.gms-play-services-vision-9.0.2_73aca3188ad07f458b5a0fb4aab6b01b1a1bdd6e /Users/mremondi/Desktop/Crave/app/build/intermediates/exploded-aar/com.google.android.gms/play-services-vision/9.0.2/jars/classes.jar
java_class_path (initial): /Users/mremondi/Library/Android/sdk/build-tools/23.0.3/lib/dx.jar
Launcher Type: SUN_STANDARD

Environment Variables:
PATH=/usr/bin:/bin:/usr/sbin:/sbin
SHELL=/bin/bash
DISPLAY=/private/tmp/com.apple.launchd.rhLHIxXIle/org.macosforge.xquartz:0

Signal Handlers:
SIGSEGV: [libjvm.dylib+0x55f7df], sa_mask[0]=0xfffefeff, sa_flags=0x00000043
SIGBUS: [libjvm.dylib+0x55f7df], sa_mask[0]=0xfffefeff, sa_flags=0x00000042
SIGFPE: [libjvm.dylib+0x442cfa], sa_mask[0]=0xfffefeff, sa_flags=0x00000042
SIGPIPE: [libjvm.dylib+0x442cfa], sa_mask[0]=0xfffefeff, sa_flags=0x00000042
SIGXFSZ: [libjvm.dylib+0x442cfa], sa_mask[0]=0xfffefeff, sa_flags=0x00000042
SIGILL: [libjvm.dylib+0x442cfa], sa_mask[0]=0xfffefeff, sa_flags=0x00000042
SIGUSR1: SIG_DFL, sa_mask[0]=0x00000000, sa_flags=0x00000000
SIGUSR2: [libjvm.dylib+0x442818], sa_mask[0]=0x00000004, sa_flags=0x00000042
SIGHUP: [libjvm.dylib+0x440ba5], sa_mask[0]=0xfffefeff, sa_flags=0x00000042
SIGINT: [libjvm.dylib+0x440ba5], sa_mask[0]=0xfffefeff, sa_flags=0x00000042
SIGTERM: [libjvm.dylib+0x440ba5], sa_mask[0]=0xfffefeff, sa_flags=0x00000042
SIGQUIT: [libjvm.dylib+0x440ba5], sa_mask[0]=0xfffefeff, sa_flags=0x00000042


---------------  S Y S T E M  ---------------

OS:Bsduname:Darwin 15.3.0 Darwin Kernel Version 15.3.0: Thu Dec 10 18:40:58 PST 2015; root:xnu-3248.30.4~1/RELEASE_X86_64 x86_64
rlimit: STACK 8192k, CORE 0k, NPROC 709, NOFILE 10240, AS infinity
load average:58.48 17.85 7.71

CPU:total 4 (2 cores per cpu, 2 threads per core) family 6 model 69 stepping 1, cmov, cx8, fxsr, mmx, sse, sse2, sse3, ssse3, sse4.1, sse4.2, popcnt, avx, avx2, aes, clmul, erms, ht, tsc, tscinvbit

Memory: 4k page, physical 4194304k(27068k free)

/proc/meminfo:


vm_info: Java HotSpot(TM) 64-Bit Server VM (25.5-b02) for bsd-amd64 JRE (1.8.0_05-b13), built on Mar 18 2014 00:36:13 by "java_re" with gcc 4.2.1 (Based on Apple Inc. build 5658) (LLVM build 2336.11.00)

time: Mon Sep 12 14:38:16 2016
elapsed time: 6 seconds

